<?xml version="1.0" encoding="UTF-8" ?>
<testsuite 
errors="0" failures="0" hostname="Ubuntu64" name="com.tencent.angel.ml.math2.matrix.CooMatrixTest.CooMatrixTest" tests="2" time="0.002" timestamp="2019-07-25T13:35:11">
  <properties>
[...]
</properties>
  <testcase 
  name="double" classname="com.tencent.angel.ml.math2.matrix.CooMatrixTest.CooMatrixTest" time="0.001">
</testcase>
  <testcase 
  name="float" classname="com.tencent.angel.ml.math2.matrix.CooMatrixTest.CooMatrixTest" time="0.001">
</testcase>
  <system-out><![CDATA[]]></system-out>
  <system-err><![CDATA[]]></system-err>
</testsuite>
